2025-03-26 11:05:17,761 - INFO - Current time: 1742967317.7617173
2025-03-26 11:05:17,762 - INFO - Token expiration time: 1742970044.3740065
2025-03-26 11:05:17,762 - INFO - Token expiration time: 1742970044.3740065
2025-03-26 11:05:17,763 - INFO - performing random action
2025-03-26 11:05:17,763 - INFO - Loaded 38 subforum URLs from Sub-Forum-List.txt
2025-03-26 11:05:17,764 - DEBUG - Scrolling page 6 times.
2025-03-26 11:05:17,764 - DEBUG - Scrolling page by 500 pixels.
2025-03-26 11:05:17,765 - WARNING - Scrolling failed: Message: invalid session id
Stacktrace:
	GetHandleVerifier [0x00007FF6A4410C45+27221]
	(No symbol) [0x00007FF6A4376F30]
	(No symbol) [0x00007FF6A41F590C]
	(No symbol) [0x00007FF6A423F95F]
	(No symbol) [0x00007FF6A4277B62]
	(No symbol) [0x00007FF6A42724BE]
	(No symbol) [0x00007FF6A4271569]
	(No symbol) [0x00007FF6A41C55E5]
	GetHandleVerifier [0x00007FF6A4776E2D+3591229]
	GetHandleVerifier [0x00007FF6A478E45A+3687018]
	GetHandleVerifier [0x00007FF6A4783323+3641651]
	GetHandleVerifier [0x00007FF6A44DB6BA+857290]
	(No symbol) [0x00007FF6A438230F]
	(No symbol) [0x00007FF6A41C41FF]
	GetHandleVerifier [0x00007FF6A4804A48+4171864]
	BaseThreadInitThunk [0x00007FFA52B87374+20]
	RtlUserThreadStart [0x00007FFA535DCC91+33]

2025-03-26 11:05:19,169 - DEBUG - Page scrolled.
2025-03-26 11:05:21,171 - DEBUG - Scrolling page by 500 pixels.
2025-03-26 11:05:21,176 - WARNING - Scrolling failed: Message: invalid session id
Stacktrace:
	GetHandleVerifier [0x00007FF6A4410C45+27221]
	(No symbol) [0x00007FF6A4376F30]
	(No symbol) [0x00007FF6A41F590C]
	(No symbol) [0x00007FF6A423F95F]
	(No symbol) [0x00007FF6A4277B62]
	(No symbol) [0x00007FF6A42724BE]
	(No symbol) [0x00007FF6A4271569]
	(No symbol) [0x00007FF6A41C55E5]
	GetHandleVerifier [0x00007FF6A4776E2D+3591229]
	GetHandleVerifier [0x00007FF6A478E45A+3687018]
	GetHandleVerifier [0x00007FF6A4783323+3641651]
	GetHandleVerifier [0x00007FF6A44DB6BA+857290]
	(No symbol) [0x00007FF6A438230F]
	(No symbol) [0x00007FF6A41C41FF]
	GetHandleVerifier [0x00007FF6A4804A48+4171864]
	BaseThreadInitThunk [0x00007FFA52B87374+20]
	RtlUserThreadStart [0x00007FFA535DCC91+33]

2025-03-26 11:05:22,899 - DEBUG - Page scrolled.
2025-03-26 11:05:24,900 - DEBUG - Scrolling page by 500 pixels.
2025-03-26 11:05:24,902 - WARNING - Scrolling failed: Message: invalid session id
Stacktrace:
	GetHandleVerifier [0x00007FF6A4410C45+27221]
	(No symbol) [0x00007FF6A4376F30]
	(No symbol) [0x00007FF6A41F590C]
	(No symbol) [0x00007FF6A423F95F]
	(No symbol) [0x00007FF6A4277B62]
	(No symbol) [0x00007FF6A42724BE]
	(No symbol) [0x00007FF6A4271569]
	(No symbol) [0x00007FF6A41C55E5]
	GetHandleVerifier [0x00007FF6A4776E2D+3591229]
	GetHandleVerifier [0x00007FF6A478E45A+3687018]
	GetHandleVerifier [0x00007FF6A4783323+3641651]
	GetHandleVerifier [0x00007FF6A44DB6BA+857290]
	(No symbol) [0x00007FF6A438230F]
	(No symbol) [0x00007FF6A41C41FF]
	GetHandleVerifier [0x00007FF6A4804A48+4171864]
	BaseThreadInitThunk [0x00007FFA52B87374+20]
	RtlUserThreadStart [0x00007FFA535DCC91+33]

2025-03-26 11:05:26,767 - DEBUG - Page scrolled.
2025-03-26 11:05:28,769 - DEBUG - Scrolling page by 500 pixels.
2025-03-26 11:05:28,774 - WARNING - Scrolling failed: Message: invalid session id
Stacktrace:
	GetHandleVerifier [0x00007FF6A4410C45+27221]
	(No symbol) [0x00007FF6A4376F30]
	(No symbol) [0x00007FF6A41F590C]
	(No symbol) [0x00007FF6A423F95F]
	(No symbol) [0x00007FF6A4277B62]
	(No symbol) [0x00007FF6A42724BE]
	(No symbol) [0x00007FF6A4271569]
	(No symbol) [0x00007FF6A41C55E5]
	GetHandleVerifier [0x00007FF6A4776E2D+3591229]
	GetHandleVerifier [0x00007FF6A478E45A+3687018]
	GetHandleVerifier [0x00007FF6A4783323+3641651]
	GetHandleVerifier [0x00007FF6A44DB6BA+857290]
	(No symbol) [0x00007FF6A438230F]
	(No symbol) [0x00007FF6A41C41FF]
	GetHandleVerifier [0x00007FF6A4804A48+4171864]
	BaseThreadInitThunk [0x00007FFA52B87374+20]
	RtlUserThreadStart [0x00007FFA535DCC91+33]

2025-03-26 11:05:30,443 - DEBUG - Page scrolled.
2025-03-26 11:05:32,444 - DEBUG - Scrolling page by 500 pixels.
2025-03-26 11:05:32,448 - WARNING - Scrolling failed: Message: invalid session id
Stacktrace:
	GetHandleVerifier [0x00007FF6A4410C45+27221]
	(No symbol) [0x00007FF6A4376F30]
	(No symbol) [0x00007FF6A41F590C]
	(No symbol) [0x00007FF6A423F95F]
	(No symbol) [0x00007FF6A4277B62]
	(No symbol) [0x00007FF6A42724BE]
	(No symbol) [0x00007FF6A4271569]
	(No symbol) [0x00007FF6A41C55E5]
	GetHandleVerifier [0x00007FF6A4776E2D+3591229]
	GetHandleVerifier [0x00007FF6A478E45A+3687018]
	GetHandleVerifier [0x00007FF6A4783323+3641651]
	GetHandleVerifier [0x00007FF6A44DB6BA+857290]
	(No symbol) [0x00007FF6A438230F]
	(No symbol) [0x00007FF6A41C41FF]
	GetHandleVerifier [0x00007FF6A4804A48+4171864]
	BaseThreadInitThunk [0x00007FFA52B87374+20]
	RtlUserThreadStart [0x00007FFA535DCC91+33]

2025-03-26 11:05:34,113 - DEBUG - Page scrolled.
2025-03-26 11:05:36,115 - DEBUG - Scrolling page by 500 pixels.
2025-03-26 11:05:36,117 - WARNING - Scrolling failed: Message: invalid session id
Stacktrace:
	GetHandleVerifier [0x00007FF6A4410C45+27221]
	(No symbol) [0x00007FF6A4376F30]
	(No symbol) [0x00007FF6A41F590C]
	(No symbol) [0x00007FF6A423F95F]
	(No symbol) [0x00007FF6A4277B62]
	(No symbol) [0x00007FF6A42724BE]
	(No symbol) [0x00007FF6A4271569]
	(No symbol) [0x00007FF6A41C55E5]
	GetHandleVerifier [0x00007FF6A4776E2D+3591229]
	GetHandleVerifier [0x00007FF6A478E45A+3687018]
	GetHandleVerifier [0x00007FF6A4783323+3641651]
	GetHandleVerifier [0x00007FF6A44DB6BA+857290]
	(No symbol) [0x00007FF6A438230F]
	(No symbol) [0x00007FF6A41C41FF]
	GetHandleVerifier [0x00007FF6A4804A48+4171864]
	BaseThreadInitThunk [0x00007FFA52B87374+20]
	RtlUserThreadStart [0x00007FFA535DCC91+33]

2025-03-26 11:05:37,571 - DEBUG - Page scrolled.
2025-03-26 11:05:39,573 - DEBUG - Random scrolls complete.
2025-03-26 11:05:39,574 - DEBUG - Scrolling page 5 times.
2025-03-26 11:05:39,576 - DEBUG - Scrolling page by 500 pixels.
2025-03-26 11:05:39,580 - WARNING - Scrolling failed: Message: invalid session id
Stacktrace:
	GetHandleVerifier [0x00007FF6A4410C45+27221]
	(No symbol) [0x00007FF6A4376F30]
	(No symbol) [0x00007FF6A41F590C]
	(No symbol) [0x00007FF6A423F95F]
	(No symbol) [0x00007FF6A4277B62]
	(No symbol) [0x00007FF6A42724BE]
	(No symbol) [0x00007FF6A4271569]
	(No symbol) [0x00007FF6A41C55E5]
	GetHandleVerifier [0x00007FF6A4776E2D+3591229]
	GetHandleVerifier [0x00007FF6A478E45A+3687018]
	GetHandleVerifier [0x00007FF6A4783323+3641651]
	GetHandleVerifier [0x00007FF6A44DB6BA+857290]
	(No symbol) [0x00007FF6A438230F]
	(No symbol) [0x00007FF6A41C41FF]
	GetHandleVerifier [0x00007FF6A4804A48+4171864]
	BaseThreadInitThunk [0x00007FFA52B87374+20]
	RtlUserThreadStart [0x00007FFA535DCC91+33]

2025-03-26 11:05:41,050 - DEBUG - Page scrolled.
2025-03-26 11:05:43,051 - DEBUG - Scrolling page by 500 pixels.
2025-03-26 11:05:43,053 - WARNING - Scrolling failed: Message: invalid session id
Stacktrace:
	GetHandleVerifier [0x00007FF6A4410C45+27221]
	(No symbol) [0x00007FF6A4376F30]
	(No symbol) [0x00007FF6A41F590C]
	(No symbol) [0x00007FF6A423F95F]
	(No symbol) [0x00007FF6A4277B62]
	(No symbol) [0x00007FF6A42724BE]
	(No symbol) [0x00007FF6A4271569]
	(No symbol) [0x00007FF6A41C55E5]
	GetHandleVerifier [0x00007FF6A4776E2D+3591229]
	GetHandleVerifier [0x00007FF6A478E45A+3687018]
	GetHandleVerifier [0x00007FF6A4783323+3641651]
	GetHandleVerifier [0x00007FF6A44DB6BA+857290]
	(No symbol) [0x00007FF6A438230F]
	(No symbol) [0x00007FF6A41C41FF]
	GetHandleVerifier [0x00007FF6A4804A48+4171864]
	BaseThreadInitThunk [0x00007FFA52B87374+20]
	RtlUserThreadStart [0x00007FFA535DCC91+33]

2025-03-26 11:05:44,158 - DEBUG - Page scrolled.
2025-03-26 11:05:46,160 - DEBUG - Scrolling page by 500 pixels.
2025-03-26 11:05:46,161 - WARNING - Scrolling failed: Message: invalid session id
Stacktrace:
	GetHandleVerifier [0x00007FF6A4410C45+27221]
	(No symbol) [0x00007FF6A4376F30]
	(No symbol) [0x00007FF6A41F590C]
	(No symbol) [0x00007FF6A423F95F]
	(No symbol) [0x00007FF6A4277B62]
	(No symbol) [0x00007FF6A42724BE]
	(No symbol) [0x00007FF6A4271569]
	(No symbol) [0x00007FF6A41C55E5]
	GetHandleVerifier [0x00007FF6A4776E2D+3591229]
	GetHandleVerifier [0x00007FF6A478E45A+3687018]
	GetHandleVerifier [0x00007FF6A4783323+3641651]
	GetHandleVerifier [0x00007FF6A44DB6BA+857290]
	(No symbol) [0x00007FF6A438230F]
	(No symbol) [0x00007FF6A41C41FF]
	GetHandleVerifier [0x00007FF6A4804A48+4171864]
	BaseThreadInitThunk [0x00007FFA52B87374+20]
	RtlUserThreadStart [0x00007FFA535DCC91+33]

2025-03-26 11:05:47,392 - DEBUG - Page scrolled.
2025-03-26 11:05:49,398 - DEBUG - Scrolling page by 500 pixels.
2025-03-26 11:05:49,403 - WARNING - Scrolling failed: Message: invalid session id
Stacktrace:
	GetHandleVerifier [0x00007FF6A4410C45+27221]
	(No symbol) [0x00007FF6A4376F30]
	(No symbol) [0x00007FF6A41F590C]
	(No symbol) [0x00007FF6A423F95F]
	(No symbol) [0x00007FF6A4277B62]
	(No symbol) [0x00007FF6A42724BE]
	(No symbol) [0x00007FF6A4271569]
	(No symbol) [0x00007FF6A41C55E5]
	GetHandleVerifier [0x00007FF6A4776E2D+3591229]
	GetHandleVerifier [0x00007FF6A478E45A+3687018]
	GetHandleVerifier [0x00007FF6A4783323+3641651]
	GetHandleVerifier [0x00007FF6A44DB6BA+857290]
	(No symbol) [0x00007FF6A438230F]
	(No symbol) [0x00007FF6A41C41FF]
	GetHandleVerifier [0x00007FF6A4804A48+4171864]
	BaseThreadInitThunk [0x00007FFA52B87374+20]
	RtlUserThreadStart [0x00007FFA535DCC91+33]

2025-03-26 11:05:50,856 - DEBUG - Page scrolled.
2025-03-26 11:05:52,857 - DEBUG - Scrolling page by 500 pixels.
2025-03-26 11:05:52,859 - WARNING - Scrolling failed: Message: invalid session id
Stacktrace:
	GetHandleVerifier [0x00007FF6A4410C45+27221]
	(No symbol) [0x00007FF6A4376F30]
	(No symbol) [0x00007FF6A41F590C]
	(No symbol) [0x00007FF6A423F95F]
	(No symbol) [0x00007FF6A4277B62]
	(No symbol) [0x00007FF6A42724BE]
	(No symbol) [0x00007FF6A4271569]
	(No symbol) [0x00007FF6A41C55E5]
	GetHandleVerifier [0x00007FF6A4776E2D+3591229]
	GetHandleVerifier [0x00007FF6A478E45A+3687018]
	GetHandleVerifier [0x00007FF6A4783323+3641651]
	GetHandleVerifier [0x00007FF6A44DB6BA+857290]
	(No symbol) [0x00007FF6A438230F]
	(No symbol) [0x00007FF6A41C41FF]
	GetHandleVerifier [0x00007FF6A4804A48+4171864]
	BaseThreadInitThunk [0x00007FFA52B87374+20]
	RtlUserThreadStart [0x00007FFA535DCC91+33]

2025-03-26 11:05:54,607 - DEBUG - Page scrolled.
2025-03-26 11:05:56,609 - DEBUG - Random scrolls complete.
2025-03-26 11:05:56,614 - ERROR - Error finding random thread link in subforum: Message: invalid session id
Stacktrace:
	GetHandleVerifier [0x00007FF6A4410C45+27221]
	(No symbol) [0x00007FF6A4376F30]
	(No symbol) [0x00007FF6A41F590C]
	(No symbol) [0x00007FF6A423F95F]
	(No symbol) [0x00007FF6A4277B62]
	(No symbol) [0x00007FF6A42724BE]
	(No symbol) [0x00007FF6A4271569]
	(No symbol) [0x00007FF6A41C55E5]
	GetHandleVerifier [0x00007FF6A4776E2D+3591229]
	GetHandleVerifier [0x00007FF6A478E45A+3687018]
	GetHandleVerifier [0x00007FF6A4783323+3641651]
	GetHandleVerifier [0x00007FF6A44DB6BA+857290]
	(No symbol) [0x00007FF6A438230F]
	(No symbol) [0x00007FF6A41C41FF]
	GetHandleVerifier [0x00007FF6A4804A48+4171864]
	BaseThreadInitThunk [0x00007FFA52B87374+20]
	RtlUserThreadStart [0x00007FFA535DCC91+33]
Traceback (most recent call last):
  File "F:\Forum-Automation-Tool\blackhatworld_functions.py", line 565, in find_random_thread_link_from_subforum
    driver.get(subforum_url)
    ~~~~~~~~~~^^^^^^^^^^^^^^
  File "C:\Users\DELL\AppData\Local\Programs\Python\Python313\Lib\site-packages\selenium\webdriver\remote\webdriver.py", line 454, in get
    self.execute(Command.GET, {"url": url})
    ~~~~~~~~~~~~^^^^^^^^^^^^^^^^^^^^^^^^^^^
  File "C:\Users\DELL\AppData\Local\Programs\Python\Python313\Lib\site-packages\selenium\webdriver\remote\webdriver.py", line 429, in execute
    self.error_handler.check_response(response)
    ~~~~~~~~~~~~~~~~~~~~~~~~~~~~~~~~~^^^^^^^^^^
  File "C:\Users\DELL\AppData\Local\Programs\Python\Python313\Lib\site-packages\selenium\webdriver\remote\errorhandler.py", line 232, in check_response
    raise exception_class(message, screen, stacktrace)
selenium.common.exceptions.InvalidSessionIdException: Message: invalid session id
Stacktrace:
	GetHandleVerifier [0x00007FF6A4410C45+27221]
	(No symbol) [0x00007FF6A4376F30]
	(No symbol) [0x00007FF6A41F590C]
	(No symbol) [0x00007FF6A423F95F]
	(No symbol) [0x00007FF6A4277B62]
	(No symbol) [0x00007FF6A42724BE]
	(No symbol) [0x00007FF6A4271569]
	(No symbol) [0x00007FF6A41C55E5]
	GetHandleVerifier [0x00007FF6A4776E2D+3591229]
	GetHandleVerifier [0x00007FF6A478E45A+3687018]
	GetHandleVerifier [0x00007FF6A4783323+3641651]
	GetHandleVerifier [0x00007FF6A44DB6BA+857290]
	(No symbol) [0x00007FF6A438230F]
	(No symbol) [0x00007FF6A41C41FF]
	GetHandleVerifier [0x00007FF6A4804A48+4171864]
	BaseThreadInitThunk [0x00007FFA52B87374+20]
	RtlUserThreadStart [0x00007FFA535DCC91+33]

2025-03-26 11:05:56,650 - INFO - Profile DataPhreak: Minimizing window...
2025-03-26 11:05:56,652 - INFO - Profile DataPhreak: Window minimized. Pausing for 28.51 seconds...
2025-03-26 11:06:25,163 - INFO - Profile DataPhreak: Resuming after minimize...
2025-03-26 11:06:25,164 - INFO - performing random action
2025-03-26 11:06:25,165 - WARNING - Skipping thread processing due to no thread link being found in subforum.
