2025-03-26 11:08:58,711 - INFO - Current time: 1742967538.7115247
2025-03-26 11:08:58,712 - INFO - Token expiration time: 1742970044.3740065
2025-03-26 11:08:58,712 - INFO - Token expiration time: 1742970044.3740065
2025-03-26 11:08:58,713 - INFO - Profile DataPhreak: Opening default URL: https://www.google.com
2025-03-26 11:08:58,714 - ERROR - Profile DataPhreak: Error opening new tab: Message: invalid session id
Stacktrace:
	GetHandleVerifier [0x00007FF6A4410C45+27221]
	(No symbol) [0x00007FF6A4376F30]
	(No symbol) [0x00007FF6A41F590C]
	(No symbol) [0x00007FF6A423F95F]
	(No symbol) [0x00007FF6A4277B62]
	(No symbol) [0x00007FF6A42724BE]
	(No symbol) [0x00007FF6A4271569]
	(No symbol) [0x00007FF6A41C55E5]
	GetHandleVerifier [0x00007FF6A4776E2D+3591229]
	GetHandleVerifier [0x00007FF6A478E45A+3687018]
	GetHandleVerifier [0x00007FF6A4783323+3641651]
	GetHandleVerifier [0x00007FF6A44DB6BA+857290]
	(No symbol) [0x00007FF6A438230F]
	(No symbol) [0x00007FF6A41C41FF]
	GetHandleVerifier [0x00007FF6A4804A48+4171864]
	BaseThreadInitThunk [0x00007FFA52B87374+20]
	RtlUserThreadStart [0x00007FFA535DCC91+33]

2025-03-26 11:08:58,719 - INFO - performing random action
2025-03-26 11:08:58,720 - INFO - Loaded 38 subforum URLs from Sub-Forum-List.txt
2025-03-26 11:08:58,721 - DEBUG - Scrolling page 4 times.
2025-03-26 11:08:58,721 - DEBUG - Scrolling page by 500 pixels.
2025-03-26 11:08:58,722 - WARNING - Scrolling failed: Message: invalid session id
Stacktrace:
	GetHandleVerifier [0x00007FF6A4410C45+27221]
	(No symbol) [0x00007FF6A4376F30]
	(No symbol) [0x00007FF6A41F590C]
	(No symbol) [0x00007FF6A423F95F]
	(No symbol) [0x00007FF6A4277B62]
	(No symbol) [0x00007FF6A42724BE]
	(No symbol) [0x00007FF6A4271569]
	(No symbol) [0x00007FF6A41C55E5]
	GetHandleVerifier [0x00007FF6A4776E2D+3591229]
	GetHandleVerifier [0x00007FF6A478E45A+3687018]
	GetHandleVerifier [0x00007FF6A4783323+3641651]
	GetHandleVerifier [0x00007FF6A44DB6BA+857290]
	(No symbol) [0x00007FF6A438230F]
	(No symbol) [0x00007FF6A41C41FF]
	GetHandleVerifier [0x00007FF6A4804A48+4171864]
	BaseThreadInitThunk [0x00007FFA52B87374+20]
	RtlUserThreadStart [0x00007FFA535DCC91+33]

2025-03-26 11:09:00,051 - DEBUG - Page scrolled.
2025-03-26 11:09:02,053 - DEBUG - Scrolling page by 500 pixels.
2025-03-26 11:09:02,059 - WARNING - Scrolling failed: Message: invalid session id
Stacktrace:
	GetHandleVerifier [0x00007FF6A4410C45+27221]
	(No symbol) [0x00007FF6A4376F30]
	(No symbol) [0x00007FF6A41F590C]
	(No symbol) [0x00007FF6A423F95F]
	(No symbol) [0x00007FF6A4277B62]
	(No symbol) [0x00007FF6A42724BE]
	(No symbol) [0x00007FF6A4271569]
	(No symbol) [0x00007FF6A41C55E5]
	GetHandleVerifier [0x00007FF6A4776E2D+3591229]
	GetHandleVerifier [0x00007FF6A478E45A+3687018]
	GetHandleVerifier [0x00007FF6A4783323+3641651]
	GetHandleVerifier [0x00007FF6A44DB6BA+857290]
	(No symbol) [0x00007FF6A438230F]
	(No symbol) [0x00007FF6A41C41FF]
	GetHandleVerifier [0x00007FF6A4804A48+4171864]
	BaseThreadInitThunk [0x00007FFA52B87374+20]
	RtlUserThreadStart [0x00007FFA535DCC91+33]

2025-03-26 11:09:03,531 - DEBUG - Page scrolled.
2025-03-26 11:09:05,533 - DEBUG - Scrolling page by 500 pixels.
2025-03-26 11:09:05,538 - WARNING - Scrolling failed: Message: invalid session id
Stacktrace:
	GetHandleVerifier [0x00007FF6A4410C45+27221]
	(No symbol) [0x00007FF6A4376F30]
	(No symbol) [0x00007FF6A41F590C]
	(No symbol) [0x00007FF6A423F95F]
	(No symbol) [0x00007FF6A4277B62]
	(No symbol) [0x00007FF6A42724BE]
	(No symbol) [0x00007FF6A4271569]
	(No symbol) [0x00007FF6A41C55E5]
	GetHandleVerifier [0x00007FF6A4776E2D+3591229]
	GetHandleVerifier [0x00007FF6A478E45A+3687018]
	GetHandleVerifier [0x00007FF6A4783323+3641651]
	GetHandleVerifier [0x00007FF6A44DB6BA+857290]
	(No symbol) [0x00007FF6A438230F]
	(No symbol) [0x00007FF6A41C41FF]
	GetHandleVerifier [0x00007FF6A4804A48+4171864]
	BaseThreadInitThunk [0x00007FFA52B87374+20]
	RtlUserThreadStart [0x00007FFA535DCC91+33]

2025-03-26 11:09:06,770 - DEBUG - Page scrolled.
2025-03-26 11:09:08,773 - DEBUG - Scrolling page by 500 pixels.
2025-03-26 11:09:08,775 - WARNING - Scrolling failed: Message: invalid session id
Stacktrace:
	GetHandleVerifier [0x00007FF6A4410C45+27221]
	(No symbol) [0x00007FF6A4376F30]
	(No symbol) [0x00007FF6A41F590C]
	(No symbol) [0x00007FF6A423F95F]
	(No symbol) [0x00007FF6A4277B62]
	(No symbol) [0x00007FF6A42724BE]
	(No symbol) [0x00007FF6A4271569]
	(No symbol) [0x00007FF6A41C55E5]
	GetHandleVerifier [0x00007FF6A4776E2D+3591229]
	GetHandleVerifier [0x00007FF6A478E45A+3687018]
	GetHandleVerifier [0x00007FF6A4783323+3641651]
	GetHandleVerifier [0x00007FF6A44DB6BA+857290]
	(No symbol) [0x00007FF6A438230F]
	(No symbol) [0x00007FF6A41C41FF]
	GetHandleVerifier [0x00007FF6A4804A48+4171864]
	BaseThreadInitThunk [0x00007FFA52B87374+20]
	RtlUserThreadStart [0x00007FFA535DCC91+33]

2025-03-26 11:09:10,226 - DEBUG - Page scrolled.
2025-03-26 11:09:12,229 - DEBUG - Random scrolls complete.
2025-03-26 11:09:12,230 - DEBUG - Scrolling page 5 times.
2025-03-26 11:09:12,231 - DEBUG - Scrolling page by 500 pixels.
2025-03-26 11:09:12,235 - WARNING - Scrolling failed: Message: invalid session id
Stacktrace:
	GetHandleVerifier [0x00007FF6A4410C45+27221]
	(No symbol) [0x00007FF6A4376F30]
	(No symbol) [0x00007FF6A41F590C]
	(No symbol) [0x00007FF6A423F95F]
	(No symbol) [0x00007FF6A4277B62]
	(No symbol) [0x00007FF6A42724BE]
	(No symbol) [0x00007FF6A4271569]
	(No symbol) [0x00007FF6A41C55E5]
	GetHandleVerifier [0x00007FF6A4776E2D+3591229]
	GetHandleVerifier [0x00007FF6A478E45A+3687018]
	GetHandleVerifier [0x00007FF6A4783323+3641651]
	GetHandleVerifier [0x00007FF6A44DB6BA+857290]
	(No symbol) [0x00007FF6A438230F]
	(No symbol) [0x00007FF6A41C41FF]
	GetHandleVerifier [0x00007FF6A4804A48+4171864]
	BaseThreadInitThunk [0x00007FFA52B87374+20]
	RtlUserThreadStart [0x00007FFA535DCC91+33]

2025-03-26 11:09:14,005 - DEBUG - Page scrolled.
2025-03-26 11:09:16,006 - DEBUG - Scrolling page by 500 pixels.
2025-03-26 11:09:16,012 - WARNING - Scrolling failed: Message: invalid session id
Stacktrace:
	GetHandleVerifier [0x00007FF6A4410C45+27221]
	(No symbol) [0x00007FF6A4376F30]
	(No symbol) [0x00007FF6A41F590C]
	(No symbol) [0x00007FF6A423F95F]
	(No symbol) [0x00007FF6A4277B62]
	(No symbol) [0x00007FF6A42724BE]
	(No symbol) [0x00007FF6A4271569]
	(No symbol) [0x00007FF6A41C55E5]
	GetHandleVerifier [0x00007FF6A4776E2D+3591229]
	GetHandleVerifier [0x00007FF6A478E45A+3687018]
	GetHandleVerifier [0x00007FF6A4783323+3641651]
	GetHandleVerifier [0x00007FF6A44DB6BA+857290]
	(No symbol) [0x00007FF6A438230F]
	(No symbol) [0x00007FF6A41C41FF]
	GetHandleVerifier [0x00007FF6A4804A48+4171864]
	BaseThreadInitThunk [0x00007FFA52B87374+20]
	RtlUserThreadStart [0x00007FFA535DCC91+33]

2025-03-26 11:09:17,599 - DEBUG - Page scrolled.
2025-03-26 11:09:19,602 - DEBUG - Scrolling page by 500 pixels.
2025-03-26 11:09:19,607 - WARNING - Scrolling failed: Message: invalid session id
Stacktrace:
	GetHandleVerifier [0x00007FF6A4410C45+27221]
	(No symbol) [0x00007FF6A4376F30]
	(No symbol) [0x00007FF6A41F590C]
	(No symbol) [0x00007FF6A423F95F]
	(No symbol) [0x00007FF6A4277B62]
	(No symbol) [0x00007FF6A42724BE]
	(No symbol) [0x00007FF6A4271569]
	(No symbol) [0x00007FF6A41C55E5]
	GetHandleVerifier [0x00007FF6A4776E2D+3591229]
	GetHandleVerifier [0x00007FF6A478E45A+3687018]
	GetHandleVerifier [0x00007FF6A4783323+3641651]
	GetHandleVerifier [0x00007FF6A44DB6BA+857290]
	(No symbol) [0x00007FF6A438230F]
	(No symbol) [0x00007FF6A41C41FF]
	GetHandleVerifier [0x00007FF6A4804A48+4171864]
	BaseThreadInitThunk [0x00007FFA52B87374+20]
	RtlUserThreadStart [0x00007FFA535DCC91+33]

2025-03-26 11:09:21,233 - DEBUG - Page scrolled.
2025-03-26 11:09:23,235 - DEBUG - Scrolling page by 500 pixels.
2025-03-26 11:09:23,238 - WARNING - Scrolling failed: Message: invalid session id
Stacktrace:
	GetHandleVerifier [0x00007FF6A4410C45+27221]
	(No symbol) [0x00007FF6A4376F30]
	(No symbol) [0x00007FF6A41F590C]
	(No symbol) [0x00007FF6A423F95F]
	(No symbol) [0x00007FF6A4277B62]
	(No symbol) [0x00007FF6A42724BE]
	(No symbol) [0x00007FF6A4271569]
	(No symbol) [0x00007FF6A41C55E5]
	GetHandleVerifier [0x00007FF6A4776E2D+3591229]
	GetHandleVerifier [0x00007FF6A478E45A+3687018]
	GetHandleVerifier [0x00007FF6A4783323+3641651]
	GetHandleVerifier [0x00007FF6A44DB6BA+857290]
	(No symbol) [0x00007FF6A438230F]
	(No symbol) [0x00007FF6A41C41FF]
	GetHandleVerifier [0x00007FF6A4804A48+4171864]
	BaseThreadInitThunk [0x00007FFA52B87374+20]
	RtlUserThreadStart [0x00007FFA535DCC91+33]

2025-03-26 11:09:24,575 - DEBUG - Page scrolled.
2025-03-26 11:09:26,577 - DEBUG - Scrolling page by 500 pixels.
2025-03-26 11:09:26,582 - WARNING - Scrolling failed: Message: invalid session id
Stacktrace:
	GetHandleVerifier [0x00007FF6A4410C45+27221]
	(No symbol) [0x00007FF6A4376F30]
	(No symbol) [0x00007FF6A41F590C]
	(No symbol) [0x00007FF6A423F95F]
	(No symbol) [0x00007FF6A4277B62]
	(No symbol) [0x00007FF6A42724BE]
	(No symbol) [0x00007FF6A4271569]
	(No symbol) [0x00007FF6A41C55E5]
	GetHandleVerifier [0x00007FF6A4776E2D+3591229]
	GetHandleVerifier [0x00007FF6A478E45A+3687018]
	GetHandleVerifier [0x00007FF6A4783323+3641651]
	GetHandleVerifier [0x00007FF6A44DB6BA+857290]
	(No symbol) [0x00007FF6A438230F]
	(No symbol) [0x00007FF6A41C41FF]
	GetHandleVerifier [0x00007FF6A4804A48+4171864]
	BaseThreadInitThunk [0x00007FFA52B87374+20]
	RtlUserThreadStart [0x00007FFA535DCC91+33]

2025-03-26 11:09:28,122 - DEBUG - Page scrolled.
2025-03-26 11:09:30,124 - DEBUG - Random scrolls complete.
2025-03-26 11:09:30,129 - ERROR - Error finding random thread link in subforum: Message: invalid session id
Stacktrace:
	GetHandleVerifier [0x00007FF6A4410C45+27221]
	(No symbol) [0x00007FF6A4376F30]
	(No symbol) [0x00007FF6A41F590C]
	(No symbol) [0x00007FF6A423F95F]
	(No symbol) [0x00007FF6A4277B62]
	(No symbol) [0x00007FF6A42724BE]
	(No symbol) [0x00007FF6A4271569]
	(No symbol) [0x00007FF6A41C55E5]
	GetHandleVerifier [0x00007FF6A4776E2D+3591229]
	GetHandleVerifier [0x00007FF6A478E45A+3687018]
	GetHandleVerifier [0x00007FF6A4783323+3641651]
	GetHandleVerifier [0x00007FF6A44DB6BA+857290]
	(No symbol) [0x00007FF6A438230F]
	(No symbol) [0x00007FF6A41C41FF]
	GetHandleVerifier [0x00007FF6A4804A48+4171864]
	BaseThreadInitThunk [0x00007FFA52B87374+20]
	RtlUserThreadStart [0x00007FFA535DCC91+33]
Traceback (most recent call last):
  File "F:\Forum-Automation-Tool\blackhatworld_functions.py", line 565, in find_random_thread_link_from_subforum
    driver.get(subforum_url)
    ~~~~~~~~~~^^^^^^^^^^^^^^
  File "C:\Users\DELL\AppData\Local\Programs\Python\Python313\Lib\site-packages\selenium\webdriver\remote\webdriver.py", line 454, in get
    self.execute(Command.GET, {"url": url})
    ~~~~~~~~~~~~^^^^^^^^^^^^^^^^^^^^^^^^^^^
  File "C:\Users\DELL\AppData\Local\Programs\Python\Python313\Lib\site-packages\selenium\webdriver\remote\webdriver.py", line 429, in execute
    self.error_handler.check_response(response)
    ~~~~~~~~~~~~~~~~~~~~~~~~~~~~~~~~~^^^^^^^^^^
  File "C:\Users\DELL\AppData\Local\Programs\Python\Python313\Lib\site-packages\selenium\webdriver\remote\errorhandler.py", line 232, in check_response
    raise exception_class(message, screen, stacktrace)
selenium.common.exceptions.InvalidSessionIdException: Message: invalid session id
Stacktrace:
	GetHandleVerifier [0x00007FF6A4410C45+27221]
	(No symbol) [0x00007FF6A4376F30]
	(No symbol) [0x00007FF6A41F590C]
	(No symbol) [0x00007FF6A423F95F]
	(No symbol) [0x00007FF6A4277B62]
	(No symbol) [0x00007FF6A42724BE]
	(No symbol) [0x00007FF6A4271569]
	(No symbol) [0x00007FF6A41C55E5]
	GetHandleVerifier [0x00007FF6A4776E2D+3591229]
	GetHandleVerifier [0x00007FF6A478E45A+3687018]
	GetHandleVerifier [0x00007FF6A4783323+3641651]
	GetHandleVerifier [0x00007FF6A44DB6BA+857290]
	(No symbol) [0x00007FF6A438230F]
	(No symbol) [0x00007FF6A41C41FF]
	GetHandleVerifier [0x00007FF6A4804A48+4171864]
	BaseThreadInitThunk [0x00007FFA52B87374+20]
	RtlUserThreadStart [0x00007FFA535DCC91+33]

2025-03-26 11:09:30,161 - INFO - performing random action
2025-03-26 11:09:30,162 - WARNING - Skipping thread processing due to no thread link being found in subforum.
