2025-03-26 11:13:34,698 - INFO - Current time: 1742967814.6985705
2025-03-26 11:13:34,699 - INFO - Token expiration time: 1742969814.625142
2025-03-26 11:13:34,699 - INFO - Token expiration time: 1742969814.625142
2025-03-26 11:13:34,700 - INFO - performing random action
2025-03-26 11:13:34,701 - INFO - Loaded 38 subforum URLs from Sub-Forum-List.txt
2025-03-26 11:13:34,701 - DEBUG - Scrolling page 6 times.
2025-03-26 11:13:34,702 - DEBUG - Scrolling page by 500 pixels.
2025-03-26 11:13:34,703 - WARNING - Scrolling failed: Message: invalid session id
Stacktrace:
	GetHandleVerifier [0x00007FF6A4410C45+27221]
	(No symbol) [0x00007FF6A4376F30]
	(No symbol) [0x00007FF6A41F590C]
	(No symbol) [0x00007FF6A423F95F]
	(No symbol) [0x00007FF6A4277B62]
	(No symbol) [0x00007FF6A42724BE]
	(No symbol) [0x00007FF6A4271569]
	(No symbol) [0x00007FF6A41C55E5]
	GetHandleVerifier [0x00007FF6A4776E2D+3591229]
	GetHandleVerifier [0x00007FF6A478E45A+3687018]
	GetHandleVerifier [0x00007FF6A4783323+3641651]
	GetHandleVerifier [0x00007FF6A44DB6BA+857290]
	(No symbol) [0x00007FF6A438230F]
	(No symbol) [0x00007FF6A41C41FF]
	GetHandleVerifier [0x00007FF6A4804A48+4171864]
	BaseThreadInitThunk [0x00007FFA52B87374+20]
	RtlUserThreadStart [0x00007FFA535DCC91+33]

2025-03-26 11:13:35,823 - DEBUG - Page scrolled.
2025-03-26 11:13:37,826 - DEBUG - Scrolling page by 500 pixels.
2025-03-26 11:13:37,828 - WARNING - Scrolling failed: Message: invalid session id
Stacktrace:
	GetHandleVerifier [0x00007FF6A4410C45+27221]
	(No symbol) [0x00007FF6A4376F30]
	(No symbol) [0x00007FF6A41F590C]
	(No symbol) [0x00007FF6A423F95F]
	(No symbol) [0x00007FF6A4277B62]
	(No symbol) [0x00007FF6A42724BE]
	(No symbol) [0x00007FF6A4271569]
	(No symbol) [0x00007FF6A41C55E5]
	GetHandleVerifier [0x00007FF6A4776E2D+3591229]
	GetHandleVerifier [0x00007FF6A478E45A+3687018]
	GetHandleVerifier [0x00007FF6A4783323+3641651]
	GetHandleVerifier [0x00007FF6A44DB6BA+857290]
	(No symbol) [0x00007FF6A438230F]
	(No symbol) [0x00007FF6A41C41FF]
	GetHandleVerifier [0x00007FF6A4804A48+4171864]
	BaseThreadInitThunk [0x00007FFA52B87374+20]
	RtlUserThreadStart [0x00007FFA535DCC91+33]

2025-03-26 11:13:39,327 - DEBUG - Page scrolled.
2025-03-26 11:13:41,329 - DEBUG - Scrolling page by 500 pixels.
2025-03-26 11:13:41,330 - WARNING - Scrolling failed: Message: invalid session id
Stacktrace:
	GetHandleVerifier [0x00007FF6A4410C45+27221]
	(No symbol) [0x00007FF6A4376F30]
	(No symbol) [0x00007FF6A41F590C]
	(No symbol) [0x00007FF6A423F95F]
	(No symbol) [0x00007FF6A4277B62]
	(No symbol) [0x00007FF6A42724BE]
	(No symbol) [0x00007FF6A4271569]
	(No symbol) [0x00007FF6A41C55E5]
	GetHandleVerifier [0x00007FF6A4776E2D+3591229]
	GetHandleVerifier [0x00007FF6A478E45A+3687018]
	GetHandleVerifier [0x00007FF6A4783323+3641651]
	GetHandleVerifier [0x00007FF6A44DB6BA+857290]
	(No symbol) [0x00007FF6A438230F]
	(No symbol) [0x00007FF6A41C41FF]
	GetHandleVerifier [0x00007FF6A4804A48+4171864]
	BaseThreadInitThunk [0x00007FFA52B87374+20]
	RtlUserThreadStart [0x00007FFA535DCC91+33]

2025-03-26 11:13:42,958 - DEBUG - Page scrolled.
2025-03-26 11:13:44,961 - DEBUG - Scrolling page by 500 pixels.
2025-03-26 11:13:44,963 - WARNING - Scrolling failed: Message: invalid session id
Stacktrace:
	GetHandleVerifier [0x00007FF6A4410C45+27221]
	(No symbol) [0x00007FF6A4376F30]
	(No symbol) [0x00007FF6A41F590C]
	(No symbol) [0x00007FF6A423F95F]
	(No symbol) [0x00007FF6A4277B62]
	(No symbol) [0x00007FF6A42724BE]
	(No symbol) [0x00007FF6A4271569]
	(No symbol) [0x00007FF6A41C55E5]
	GetHandleVerifier [0x00007FF6A4776E2D+3591229]
	GetHandleVerifier [0x00007FF6A478E45A+3687018]
	GetHandleVerifier [0x00007FF6A4783323+3641651]
	GetHandleVerifier [0x00007FF6A44DB6BA+857290]
	(No symbol) [0x00007FF6A438230F]
	(No symbol) [0x00007FF6A41C41FF]
	GetHandleVerifier [0x00007FF6A4804A48+4171864]
	BaseThreadInitThunk [0x00007FFA52B87374+20]
	RtlUserThreadStart [0x00007FFA535DCC91+33]

2025-03-26 11:13:46,271 - DEBUG - Page scrolled.
2025-03-26 11:13:48,272 - DEBUG - Scrolling page by 500 pixels.
2025-03-26 11:13:48,277 - WARNING - Scrolling failed: Message: invalid session id
Stacktrace:
	GetHandleVerifier [0x00007FF6A4410C45+27221]
	(No symbol) [0x00007FF6A4376F30]
	(No symbol) [0x00007FF6A41F590C]
	(No symbol) [0x00007FF6A423F95F]
	(No symbol) [0x00007FF6A4277B62]
	(No symbol) [0x00007FF6A42724BE]
	(No symbol) [0x00007FF6A4271569]
	(No symbol) [0x00007FF6A41C55E5]
	GetHandleVerifier [0x00007FF6A4776E2D+3591229]
	GetHandleVerifier [0x00007FF6A478E45A+3687018]
	GetHandleVerifier [0x00007FF6A4783323+3641651]
	GetHandleVerifier [0x00007FF6A44DB6BA+857290]
	(No symbol) [0x00007FF6A438230F]
	(No symbol) [0x00007FF6A41C41FF]
	GetHandleVerifier [0x00007FF6A4804A48+4171864]
	BaseThreadInitThunk [0x00007FFA52B87374+20]
	RtlUserThreadStart [0x00007FFA535DCC91+33]

2025-03-26 11:13:50,284 - DEBUG - Page scrolled.
2025-03-26 11:13:52,287 - DEBUG - Scrolling page by 500 pixels.
2025-03-26 11:13:52,292 - WARNING - Scrolling failed: Message: invalid session id
Stacktrace:
	GetHandleVerifier [0x00007FF6A4410C45+27221]
	(No symbol) [0x00007FF6A4376F30]
	(No symbol) [0x00007FF6A41F590C]
	(No symbol) [0x00007FF6A423F95F]
	(No symbol) [0x00007FF6A4277B62]
	(No symbol) [0x00007FF6A42724BE]
	(No symbol) [0x00007FF6A4271569]
	(No symbol) [0x00007FF6A41C55E5]
	GetHandleVerifier [0x00007FF6A4776E2D+3591229]
	GetHandleVerifier [0x00007FF6A478E45A+3687018]
	GetHandleVerifier [0x00007FF6A4783323+3641651]
	GetHandleVerifier [0x00007FF6A44DB6BA+857290]
	(No symbol) [0x00007FF6A438230F]
	(No symbol) [0x00007FF6A41C41FF]
	GetHandleVerifier [0x00007FF6A4804A48+4171864]
	BaseThreadInitThunk [0x00007FFA52B87374+20]
	RtlUserThreadStart [0x00007FFA535DCC91+33]

2025-03-26 11:13:54,266 - DEBUG - Page scrolled.
2025-03-26 11:13:56,269 - DEBUG - Random scrolls complete.
2025-03-26 11:13:56,270 - DEBUG - Scrolling page 5 times.
2025-03-26 11:13:56,270 - DEBUG - Scrolling page by 500 pixels.
2025-03-26 11:13:56,273 - WARNING - Scrolling failed: Message: invalid session id
Stacktrace:
	GetHandleVerifier [0x00007FF6A4410C45+27221]
	(No symbol) [0x00007FF6A4376F30]
	(No symbol) [0x00007FF6A41F590C]
	(No symbol) [0x00007FF6A423F95F]
	(No symbol) [0x00007FF6A4277B62]
	(No symbol) [0x00007FF6A42724BE]
	(No symbol) [0x00007FF6A4271569]
	(No symbol) [0x00007FF6A41C55E5]
	GetHandleVerifier [0x00007FF6A4776E2D+3591229]
	GetHandleVerifier [0x00007FF6A478E45A+3687018]
	GetHandleVerifier [0x00007FF6A4783323+3641651]
	GetHandleVerifier [0x00007FF6A44DB6BA+857290]
	(No symbol) [0x00007FF6A438230F]
	(No symbol) [0x00007FF6A41C41FF]
	GetHandleVerifier [0x00007FF6A4804A48+4171864]
	BaseThreadInitThunk [0x00007FFA52B87374+20]
	RtlUserThreadStart [0x00007FFA535DCC91+33]

2025-03-26 11:13:57,946 - DEBUG - Page scrolled.
2025-03-26 11:13:59,948 - DEBUG - Scrolling page by 500 pixels.
2025-03-26 11:13:59,956 - WARNING - Scrolling failed: Message: invalid session id
Stacktrace:
	GetHandleVerifier [0x00007FF6A4410C45+27221]
	(No symbol) [0x00007FF6A4376F30]
	(No symbol) [0x00007FF6A41F590C]
	(No symbol) [0x00007FF6A423F95F]
	(No symbol) [0x00007FF6A4277B62]
	(No symbol) [0x00007FF6A42724BE]
	(No symbol) [0x00007FF6A4271569]
	(No symbol) [0x00007FF6A41C55E5]
	GetHandleVerifier [0x00007FF6A4776E2D+3591229]
	GetHandleVerifier [0x00007FF6A478E45A+3687018]
	GetHandleVerifier [0x00007FF6A4783323+3641651]
	GetHandleVerifier [0x00007FF6A44DB6BA+857290]
	(No symbol) [0x00007FF6A438230F]
	(No symbol) [0x00007FF6A41C41FF]
	GetHandleVerifier [0x00007FF6A4804A48+4171864]
	BaseThreadInitThunk [0x00007FFA52B87374+20]
	RtlUserThreadStart [0x00007FFA535DCC91+33]

2025-03-26 11:14:01,048 - DEBUG - Page scrolled.
2025-03-26 11:14:03,050 - DEBUG - Scrolling page by 500 pixels.
2025-03-26 11:14:03,055 - WARNING - Scrolling failed: Message: invalid session id
Stacktrace:
	GetHandleVerifier [0x00007FF6A4410C45+27221]
	(No symbol) [0x00007FF6A4376F30]
	(No symbol) [0x00007FF6A41F590C]
	(No symbol) [0x00007FF6A423F95F]
	(No symbol) [0x00007FF6A4277B62]
	(No symbol) [0x00007FF6A42724BE]
	(No symbol) [0x00007FF6A4271569]
	(No symbol) [0x00007FF6A41C55E5]
	GetHandleVerifier [0x00007FF6A4776E2D+3591229]
	GetHandleVerifier [0x00007FF6A478E45A+3687018]
	GetHandleVerifier [0x00007FF6A4783323+3641651]
	GetHandleVerifier [0x00007FF6A44DB6BA+857290]
	(No symbol) [0x00007FF6A438230F]
	(No symbol) [0x00007FF6A41C41FF]
	GetHandleVerifier [0x00007FF6A4804A48+4171864]
	BaseThreadInitThunk [0x00007FFA52B87374+20]
	RtlUserThreadStart [0x00007FFA535DCC91+33]

2025-03-26 11:14:04,977 - DEBUG - Page scrolled.
2025-03-26 11:14:06,980 - DEBUG - Scrolling page by 500 pixels.
2025-03-26 11:14:06,981 - WARNING - Scrolling failed: Message: invalid session id
Stacktrace:
	GetHandleVerifier [0x00007FF6A4410C45+27221]
	(No symbol) [0x00007FF6A4376F30]
	(No symbol) [0x00007FF6A41F590C]
	(No symbol) [0x00007FF6A423F95F]
	(No symbol) [0x00007FF6A4277B62]
	(No symbol) [0x00007FF6A42724BE]
	(No symbol) [0x00007FF6A4271569]
	(No symbol) [0x00007FF6A41C55E5]
	GetHandleVerifier [0x00007FF6A4776E2D+3591229]
	GetHandleVerifier [0x00007FF6A478E45A+3687018]
	GetHandleVerifier [0x00007FF6A4783323+3641651]
	GetHandleVerifier [0x00007FF6A44DB6BA+857290]
	(No symbol) [0x00007FF6A438230F]
	(No symbol) [0x00007FF6A41C41FF]
	GetHandleVerifier [0x00007FF6A4804A48+4171864]
	BaseThreadInitThunk [0x00007FFA52B87374+20]
	RtlUserThreadStart [0x00007FFA535DCC91+33]

2025-03-26 11:14:08,546 - DEBUG - Page scrolled.
2025-03-26 11:14:10,548 - DEBUG - Scrolling page by 500 pixels.
2025-03-26 11:14:10,552 - WARNING - Scrolling failed: Message: invalid session id
Stacktrace:
	GetHandleVerifier [0x00007FF6A4410C45+27221]
	(No symbol) [0x00007FF6A4376F30]
	(No symbol) [0x00007FF6A41F590C]
	(No symbol) [0x00007FF6A423F95F]
	(No symbol) [0x00007FF6A4277B62]
	(No symbol) [0x00007FF6A42724BE]
	(No symbol) [0x00007FF6A4271569]
	(No symbol) [0x00007FF6A41C55E5]
	GetHandleVerifier [0x00007FF6A4776E2D+3591229]
	GetHandleVerifier [0x00007FF6A478E45A+3687018]
	GetHandleVerifier [0x00007FF6A4783323+3641651]
	GetHandleVerifier [0x00007FF6A44DB6BA+857290]
	(No symbol) [0x00007FF6A438230F]
	(No symbol) [0x00007FF6A41C41FF]
	GetHandleVerifier [0x00007FF6A4804A48+4171864]
	BaseThreadInitThunk [0x00007FFA52B87374+20]
	RtlUserThreadStart [0x00007FFA535DCC91+33]

2025-03-26 11:14:12,301 - DEBUG - Page scrolled.
2025-03-26 11:14:14,303 - DEBUG - Random scrolls complete.
2025-03-26 11:14:14,308 - ERROR - Error finding random thread link in subforum: Message: invalid session id
Stacktrace:
	GetHandleVerifier [0x00007FF6A4410C45+27221]
	(No symbol) [0x00007FF6A4376F30]
	(No symbol) [0x00007FF6A41F590C]
	(No symbol) [0x00007FF6A423F95F]
	(No symbol) [0x00007FF6A4277B62]
	(No symbol) [0x00007FF6A42724BE]
	(No symbol) [0x00007FF6A4271569]
	(No symbol) [0x00007FF6A41C55E5]
	GetHandleVerifier [0x00007FF6A4776E2D+3591229]
	GetHandleVerifier [0x00007FF6A478E45A+3687018]
	GetHandleVerifier [0x00007FF6A4783323+3641651]
	GetHandleVerifier [0x00007FF6A44DB6BA+857290]
	(No symbol) [0x00007FF6A438230F]
	(No symbol) [0x00007FF6A41C41FF]
	GetHandleVerifier [0x00007FF6A4804A48+4171864]
	BaseThreadInitThunk [0x00007FFA52B87374+20]
	RtlUserThreadStart [0x00007FFA535DCC91+33]
Traceback (most recent call last):
  File "F:\Forum-Automation-Tool\blackhatworld_functions.py", line 565, in find_random_thread_link_from_subforum
    driver.get(subforum_url)
    ~~~~~~~~~~^^^^^^^^^^^^^^
  File "C:\Users\DELL\AppData\Local\Programs\Python\Python313\Lib\site-packages\selenium\webdriver\remote\webdriver.py", line 454, in get
    self.execute(Command.GET, {"url": url})
    ~~~~~~~~~~~~^^^^^^^^^^^^^^^^^^^^^^^^^^^
  File "C:\Users\DELL\AppData\Local\Programs\Python\Python313\Lib\site-packages\selenium\webdriver\remote\webdriver.py", line 429, in execute
    self.error_handler.check_response(response)
    ~~~~~~~~~~~~~~~~~~~~~~~~~~~~~~~~~^^^^^^^^^^
  File "C:\Users\DELL\AppData\Local\Programs\Python\Python313\Lib\site-packages\selenium\webdriver\remote\errorhandler.py", line 232, in check_response
    raise exception_class(message, screen, stacktrace)
selenium.common.exceptions.InvalidSessionIdException: Message: invalid session id
Stacktrace:
	GetHandleVerifier [0x00007FF6A4410C45+27221]
	(No symbol) [0x00007FF6A4376F30]
	(No symbol) [0x00007FF6A41F590C]
	(No symbol) [0x00007FF6A423F95F]
	(No symbol) [0x00007FF6A4277B62]
	(No symbol) [0x00007FF6A42724BE]
	(No symbol) [0x00007FF6A4271569]
	(No symbol) [0x00007FF6A41C55E5]
	GetHandleVerifier [0x00007FF6A4776E2D+3591229]
	GetHandleVerifier [0x00007FF6A478E45A+3687018]
	GetHandleVerifier [0x00007FF6A4783323+3641651]
	GetHandleVerifier [0x00007FF6A44DB6BA+857290]
	(No symbol) [0x00007FF6A438230F]
	(No symbol) [0x00007FF6A41C41FF]
	GetHandleVerifier [0x00007FF6A4804A48+4171864]
	BaseThreadInitThunk [0x00007FFA52B87374+20]
	RtlUserThreadStart [0x00007FFA535DCC91+33]

2025-03-26 11:14:14,331 - INFO - Profile NullBytee: Opening default URL: https://www.google.com
2025-03-26 11:14:14,332 - ERROR - Profile NullBytee: Error opening new tab: Message: invalid session id
Stacktrace:
	GetHandleVerifier [0x00007FF6A4410C45+27221]
	(No symbol) [0x00007FF6A4376F30]
	(No symbol) [0x00007FF6A41F590C]
	(No symbol) [0x00007FF6A423F95F]
	(No symbol) [0x00007FF6A4277B62]
	(No symbol) [0x00007FF6A42724BE]
	(No symbol) [0x00007FF6A4271569]
	(No symbol) [0x00007FF6A41C55E5]
	GetHandleVerifier [0x00007FF6A4776E2D+3591229]
	GetHandleVerifier [0x00007FF6A478E45A+3687018]
	GetHandleVerifier [0x00007FF6A4783323+3641651]
	GetHandleVerifier [0x00007FF6A44DB6BA+857290]
	(No symbol) [0x00007FF6A438230F]
	(No symbol) [0x00007FF6A41C41FF]
	GetHandleVerifier [0x00007FF6A4804A48+4171864]
	BaseThreadInitThunk [0x00007FFA52B87374+20]
	RtlUserThreadStart [0x00007FFA535DCC91+33]

2025-03-26 11:14:14,337 - INFO - performing random action
2025-03-26 11:14:14,338 - WARNING - Skipping thread processing due to no thread link being found in subforum.
