2025-03-26 10:52:28,739 - INFO - Current time: 1742966548.7391746
2025-03-26 10:52:28,740 - INFO - Token expiration time: 1742969237.4328904
2025-03-26 10:52:28,741 - INFO - Token expiration time: 1742969237.4328904
2025-03-26 10:52:28,743 - INFO - performing random action
2025-03-26 10:52:28,745 - INFO - Loaded 38 subforum URLs from Sub-Forum-List.txt
2025-03-26 10:52:28,746 - DEBUG - Scrolling page 5 times.
2025-03-26 10:52:28,747 - DEBUG - Scrolling page by 500 pixels.
2025-03-26 10:52:28,750 - WARNING - Scrolling failed: Message: invalid session id
Stacktrace:
	GetHandleVerifier [0x00007FF6A4410C45+27221]
	(No symbol) [0x00007FF6A4376F30]
	(No symbol) [0x00007FF6A41F590C]
	(No symbol) [0x00007FF6A423F95F]
	(No symbol) [0x00007FF6A4277B62]
	(No symbol) [0x00007FF6A42724BE]
	(No symbol) [0x00007FF6A4271569]
	(No symbol) [0x00007FF6A41C55E5]
	GetHandleVerifier [0x00007FF6A4776E2D+3591229]
	GetHandleVerifier [0x00007FF6A478E45A+3687018]
	GetHandleVerifier [0x00007FF6A4783323+3641651]
	GetHandleVerifier [0x00007FF6A44DB6BA+857290]
	(No symbol) [0x00007FF6A438230F]
	(No symbol) [0x00007FF6A41C41FF]
	GetHandleVerifier [0x00007FF6A4804A48+4171864]
	BaseThreadInitThunk [0x00007FFA52B87374+20]
	RtlUserThreadStart [0x00007FFA535DCC91+33]

2025-03-26 10:52:29,834 - DEBUG - Page scrolled.
2025-03-26 10:52:31,836 - DEBUG - Scrolling page by 500 pixels.
2025-03-26 10:52:31,841 - WARNING - Scrolling failed: Message: invalid session id
Stacktrace:
	GetHandleVerifier [0x00007FF6A4410C45+27221]
	(No symbol) [0x00007FF6A4376F30]
	(No symbol) [0x00007FF6A41F590C]
	(No symbol) [0x00007FF6A423F95F]
	(No symbol) [0x00007FF6A4277B62]
	(No symbol) [0x00007FF6A42724BE]
	(No symbol) [0x00007FF6A4271569]
	(No symbol) [0x00007FF6A41C55E5]
	GetHandleVerifier [0x00007FF6A4776E2D+3591229]
	GetHandleVerifier [0x00007FF6A478E45A+3687018]
	GetHandleVerifier [0x00007FF6A4783323+3641651]
	GetHandleVerifier [0x00007FF6A44DB6BA+857290]
	(No symbol) [0x00007FF6A438230F]
	(No symbol) [0x00007FF6A41C41FF]
	GetHandleVerifier [0x00007FF6A4804A48+4171864]
	BaseThreadInitThunk [0x00007FFA52B87374+20]
	RtlUserThreadStart [0x00007FFA535DCC91+33]

2025-03-26 10:52:33,674 - DEBUG - Page scrolled.
2025-03-26 10:52:35,676 - DEBUG - Scrolling page by 500 pixels.
2025-03-26 10:52:35,682 - WARNING - Scrolling failed: Message: invalid session id
Stacktrace:
	GetHandleVerifier [0x00007FF6A4410C45+27221]
	(No symbol) [0x00007FF6A4376F30]
	(No symbol) [0x00007FF6A41F590C]
	(No symbol) [0x00007FF6A423F95F]
	(No symbol) [0x00007FF6A4277B62]
	(No symbol) [0x00007FF6A42724BE]
	(No symbol) [0x00007FF6A4271569]
	(No symbol) [0x00007FF6A41C55E5]
	GetHandleVerifier [0x00007FF6A4776E2D+3591229]
	GetHandleVerifier [0x00007FF6A478E45A+3687018]
	GetHandleVerifier [0x00007FF6A4783323+3641651]
	GetHandleVerifier [0x00007FF6A44DB6BA+857290]
	(No symbol) [0x00007FF6A438230F]
	(No symbol) [0x00007FF6A41C41FF]
	GetHandleVerifier [0x00007FF6A4804A48+4171864]
	BaseThreadInitThunk [0x00007FFA52B87374+20]
	RtlUserThreadStart [0x00007FFA535DCC91+33]

2025-03-26 10:52:37,455 - DEBUG - Page scrolled.
2025-03-26 10:52:39,458 - DEBUG - Scrolling page by 500 pixels.
2025-03-26 10:52:39,463 - WARNING - Scrolling failed: Message: invalid session id
Stacktrace:
	GetHandleVerifier [0x00007FF6A4410C45+27221]
	(No symbol) [0x00007FF6A4376F30]
	(No symbol) [0x00007FF6A41F590C]
	(No symbol) [0x00007FF6A423F95F]
	(No symbol) [0x00007FF6A4277B62]
	(No symbol) [0x00007FF6A42724BE]
	(No symbol) [0x00007FF6A4271569]
	(No symbol) [0x00007FF6A41C55E5]
	GetHandleVerifier [0x00007FF6A4776E2D+3591229]
	GetHandleVerifier [0x00007FF6A478E45A+3687018]
	GetHandleVerifier [0x00007FF6A4783323+3641651]
	GetHandleVerifier [0x00007FF6A44DB6BA+857290]
	(No symbol) [0x00007FF6A438230F]
	(No symbol) [0x00007FF6A41C41FF]
	GetHandleVerifier [0x00007FF6A4804A48+4171864]
	BaseThreadInitThunk [0x00007FFA52B87374+20]
	RtlUserThreadStart [0x00007FFA535DCC91+33]

2025-03-26 10:52:40,954 - DEBUG - Page scrolled.
2025-03-26 10:52:42,956 - DEBUG - Scrolling page by 500 pixels.
2025-03-26 10:52:42,961 - WARNING - Scrolling failed: Message: invalid session id
Stacktrace:
	GetHandleVerifier [0x00007FF6A4410C45+27221]
	(No symbol) [0x00007FF6A4376F30]
	(No symbol) [0x00007FF6A41F590C]
	(No symbol) [0x00007FF6A423F95F]
	(No symbol) [0x00007FF6A4277B62]
	(No symbol) [0x00007FF6A42724BE]
	(No symbol) [0x00007FF6A4271569]
	(No symbol) [0x00007FF6A41C55E5]
	GetHandleVerifier [0x00007FF6A4776E2D+3591229]
	GetHandleVerifier [0x00007FF6A478E45A+3687018]
	GetHandleVerifier [0x00007FF6A4783323+3641651]
	GetHandleVerifier [0x00007FF6A44DB6BA+857290]
	(No symbol) [0x00007FF6A438230F]
	(No symbol) [0x00007FF6A41C41FF]
	GetHandleVerifier [0x00007FF6A4804A48+4171864]
	BaseThreadInitThunk [0x00007FFA52B87374+20]
	RtlUserThreadStart [0x00007FFA535DCC91+33]

2025-03-26 10:52:44,139 - DEBUG - Page scrolled.
2025-03-26 10:52:46,142 - DEBUG - Random scrolls complete.
2025-03-26 10:52:46,143 - DEBUG - Scrolling page 6 times.
2025-03-26 10:52:46,145 - DEBUG - Scrolling page by 500 pixels.
2025-03-26 10:52:46,150 - WARNING - Scrolling failed: Message: invalid session id
Stacktrace:
	GetHandleVerifier [0x00007FF6A4410C45+27221]
	(No symbol) [0x00007FF6A4376F30]
	(No symbol) [0x00007FF6A41F590C]
	(No symbol) [0x00007FF6A423F95F]
	(No symbol) [0x00007FF6A4277B62]
	(No symbol) [0x00007FF6A42724BE]
	(No symbol) [0x00007FF6A4271569]
	(No symbol) [0x00007FF6A41C55E5]
	GetHandleVerifier [0x00007FF6A4776E2D+3591229]
	GetHandleVerifier [0x00007FF6A478E45A+3687018]
	GetHandleVerifier [0x00007FF6A4783323+3641651]
	GetHandleVerifier [0x00007FF6A44DB6BA+857290]
	(No symbol) [0x00007FF6A438230F]
	(No symbol) [0x00007FF6A41C41FF]
	GetHandleVerifier [0x00007FF6A4804A48+4171864]
	BaseThreadInitThunk [0x00007FFA52B87374+20]
	RtlUserThreadStart [0x00007FFA535DCC91+33]

2025-03-26 10:52:47,478 - DEBUG - Page scrolled.
2025-03-26 10:52:49,480 - DEBUG - Scrolling page by 500 pixels.
2025-03-26 10:52:49,485 - WARNING - Scrolling failed: Message: invalid session id
Stacktrace:
	GetHandleVerifier [0x00007FF6A4410C45+27221]
	(No symbol) [0x00007FF6A4376F30]
	(No symbol) [0x00007FF6A41F590C]
	(No symbol) [0x00007FF6A423F95F]
	(No symbol) [0x00007FF6A4277B62]
	(No symbol) [0x00007FF6A42724BE]
	(No symbol) [0x00007FF6A4271569]
	(No symbol) [0x00007FF6A41C55E5]
	GetHandleVerifier [0x00007FF6A4776E2D+3591229]
	GetHandleVerifier [0x00007FF6A478E45A+3687018]
	GetHandleVerifier [0x00007FF6A4783323+3641651]
	GetHandleVerifier [0x00007FF6A44DB6BA+857290]
	(No symbol) [0x00007FF6A438230F]
	(No symbol) [0x00007FF6A41C41FF]
	GetHandleVerifier [0x00007FF6A4804A48+4171864]
	BaseThreadInitThunk [0x00007FFA52B87374+20]
	RtlUserThreadStart [0x00007FFA535DCC91+33]

2025-03-26 10:52:51,176 - DEBUG - Page scrolled.
2025-03-26 10:52:53,179 - DEBUG - Scrolling page by 500 pixels.
2025-03-26 10:52:53,183 - WARNING - Scrolling failed: Message: invalid session id
Stacktrace:
	GetHandleVerifier [0x00007FF6A4410C45+27221]
	(No symbol) [0x00007FF6A4376F30]
	(No symbol) [0x00007FF6A41F590C]
	(No symbol) [0x00007FF6A423F95F]
	(No symbol) [0x00007FF6A4277B62]
	(No symbol) [0x00007FF6A42724BE]
	(No symbol) [0x00007FF6A4271569]
	(No symbol) [0x00007FF6A41C55E5]
	GetHandleVerifier [0x00007FF6A4776E2D+3591229]
	GetHandleVerifier [0x00007FF6A478E45A+3687018]
	GetHandleVerifier [0x00007FF6A4783323+3641651]
	GetHandleVerifier [0x00007FF6A44DB6BA+857290]
	(No symbol) [0x00007FF6A438230F]
	(No symbol) [0x00007FF6A41C41FF]
	GetHandleVerifier [0x00007FF6A4804A48+4171864]
	BaseThreadInitThunk [0x00007FFA52B87374+20]
	RtlUserThreadStart [0x00007FFA535DCC91+33]

2025-03-26 10:52:54,919 - DEBUG - Page scrolled.
2025-03-26 10:52:56,921 - DEBUG - Scrolling page by 500 pixels.
2025-03-26 10:52:56,926 - WARNING - Scrolling failed: Message: invalid session id
Stacktrace:
	GetHandleVerifier [0x00007FF6A4410C45+27221]
	(No symbol) [0x00007FF6A4376F30]
	(No symbol) [0x00007FF6A41F590C]
	(No symbol) [0x00007FF6A423F95F]
	(No symbol) [0x00007FF6A4277B62]
	(No symbol) [0x00007FF6A42724BE]
	(No symbol) [0x00007FF6A4271569]
	(No symbol) [0x00007FF6A41C55E5]
	GetHandleVerifier [0x00007FF6A4776E2D+3591229]
	GetHandleVerifier [0x00007FF6A478E45A+3687018]
	GetHandleVerifier [0x00007FF6A4783323+3641651]
	GetHandleVerifier [0x00007FF6A44DB6BA+857290]
	(No symbol) [0x00007FF6A438230F]
	(No symbol) [0x00007FF6A41C41FF]
	GetHandleVerifier [0x00007FF6A4804A48+4171864]
	BaseThreadInitThunk [0x00007FFA52B87374+20]
	RtlUserThreadStart [0x00007FFA535DCC91+33]

2025-03-26 10:52:58,860 - DEBUG - Page scrolled.
2025-03-26 10:53:00,863 - DEBUG - Scrolling page by 500 pixels.
2025-03-26 10:53:00,870 - WARNING - Scrolling failed: Message: invalid session id
Stacktrace:
	GetHandleVerifier [0x00007FF6A4410C45+27221]
	(No symbol) [0x00007FF6A4376F30]
	(No symbol) [0x00007FF6A41F590C]
	(No symbol) [0x00007FF6A423F95F]
	(No symbol) [0x00007FF6A4277B62]
	(No symbol) [0x00007FF6A42724BE]
	(No symbol) [0x00007FF6A4271569]
	(No symbol) [0x00007FF6A41C55E5]
	GetHandleVerifier [0x00007FF6A4776E2D+3591229]
	GetHandleVerifier [0x00007FF6A478E45A+3687018]
	GetHandleVerifier [0x00007FF6A4783323+3641651]
	GetHandleVerifier [0x00007FF6A44DB6BA+857290]
	(No symbol) [0x00007FF6A438230F]
	(No symbol) [0x00007FF6A41C41FF]
	GetHandleVerifier [0x00007FF6A4804A48+4171864]
	BaseThreadInitThunk [0x00007FFA52B87374+20]
	RtlUserThreadStart [0x00007FFA535DCC91+33]

2025-03-26 10:53:02,841 - DEBUG - Page scrolled.
2025-03-26 10:53:04,843 - DEBUG - Scrolling page by 500 pixels.
2025-03-26 10:53:04,846 - WARNING - Scrolling failed: Message: invalid session id
Stacktrace:
	GetHandleVerifier [0x00007FF6A4410C45+27221]
	(No symbol) [0x00007FF6A4376F30]
	(No symbol) [0x00007FF6A41F590C]
	(No symbol) [0x00007FF6A423F95F]
	(No symbol) [0x00007FF6A4277B62]
	(No symbol) [0x00007FF6A42724BE]
	(No symbol) [0x00007FF6A4271569]
	(No symbol) [0x00007FF6A41C55E5]
	GetHandleVerifier [0x00007FF6A4776E2D+3591229]
	GetHandleVerifier [0x00007FF6A478E45A+3687018]
	GetHandleVerifier [0x00007FF6A4783323+3641651]
	GetHandleVerifier [0x00007FF6A44DB6BA+857290]
	(No symbol) [0x00007FF6A438230F]
	(No symbol) [0x00007FF6A41C41FF]
	GetHandleVerifier [0x00007FF6A4804A48+4171864]
	BaseThreadInitThunk [0x00007FFA52B87374+20]
	RtlUserThreadStart [0x00007FFA535DCC91+33]

2025-03-26 10:53:06,348 - DEBUG - Page scrolled.
2025-03-26 10:53:08,350 - DEBUG - Random scrolls complete.
2025-03-26 10:53:08,355 - ERROR - Error finding random thread link in subforum: Message: invalid session id
Stacktrace:
	GetHandleVerifier [0x00007FF6A4410C45+27221]
	(No symbol) [0x00007FF6A4376F30]
	(No symbol) [0x00007FF6A41F590C]
	(No symbol) [0x00007FF6A423F95F]
	(No symbol) [0x00007FF6A4277B62]
	(No symbol) [0x00007FF6A42724BE]
	(No symbol) [0x00007FF6A4271569]
	(No symbol) [0x00007FF6A41C55E5]
	GetHandleVerifier [0x00007FF6A4776E2D+3591229]
	GetHandleVerifier [0x00007FF6A478E45A+3687018]
	GetHandleVerifier [0x00007FF6A4783323+3641651]
	GetHandleVerifier [0x00007FF6A44DB6BA+857290]
	(No symbol) [0x00007FF6A438230F]
	(No symbol) [0x00007FF6A41C41FF]
	GetHandleVerifier [0x00007FF6A4804A48+4171864]
	BaseThreadInitThunk [0x00007FFA52B87374+20]
	RtlUserThreadStart [0x00007FFA535DCC91+33]
Traceback (most recent call last):
  File "F:\Forum-Automation-Tool\blackhatworld_functions.py", line 565, in find_random_thread_link_from_subforum
    driver.get(subforum_url)
    ~~~~~~~~~~^^^^^^^^^^^^^^
  File "C:\Users\DELL\AppData\Local\Programs\Python\Python313\Lib\site-packages\selenium\webdriver\remote\webdriver.py", line 454, in get
    self.execute(Command.GET, {"url": url})
    ~~~~~~~~~~~~^^^^^^^^^^^^^^^^^^^^^^^^^^^
  File "C:\Users\DELL\AppData\Local\Programs\Python\Python313\Lib\site-packages\selenium\webdriver\remote\webdriver.py", line 429, in execute
    self.error_handler.check_response(response)
    ~~~~~~~~~~~~~~~~~~~~~~~~~~~~~~~~~^^^^^^^^^^
  File "C:\Users\DELL\AppData\Local\Programs\Python\Python313\Lib\site-packages\selenium\webdriver\remote\errorhandler.py", line 232, in check_response
    raise exception_class(message, screen, stacktrace)
selenium.common.exceptions.InvalidSessionIdException: Message: invalid session id
Stacktrace:
	GetHandleVerifier [0x00007FF6A4410C45+27221]
	(No symbol) [0x00007FF6A4376F30]
	(No symbol) [0x00007FF6A41F590C]
	(No symbol) [0x00007FF6A423F95F]
	(No symbol) [0x00007FF6A4277B62]
	(No symbol) [0x00007FF6A42724BE]
	(No symbol) [0x00007FF6A4271569]
	(No symbol) [0x00007FF6A41C55E5]
	GetHandleVerifier [0x00007FF6A4776E2D+3591229]
	GetHandleVerifier [0x00007FF6A478E45A+3687018]
	GetHandleVerifier [0x00007FF6A4783323+3641651]
	GetHandleVerifier [0x00007FF6A44DB6BA+857290]
	(No symbol) [0x00007FF6A438230F]
	(No symbol) [0x00007FF6A41C41FF]
	GetHandleVerifier [0x00007FF6A4804A48+4171864]
	BaseThreadInitThunk [0x00007FFA52B87374+20]
	RtlUserThreadStart [0x00007FFA535DCC91+33]

2025-03-26 10:53:08,381 - INFO - Profile PixelPirate99: Restoring window...
2025-03-26 10:53:10,387 - INFO - performing random action
2025-03-26 10:53:10,389 - WARNING - Skipping thread processing due to no thread link being found in subforum.
