2025-03-26 12:34:16,802 - INFO - Current time: 1742972656.8025048
2025-03-26 12:34:16,803 - INFO - Token expiration time: 1742976701.764928
2025-03-26 12:34:16,803 - INFO - Token expiration time: 1742976701.764928
2025-03-26 12:34:16,804 - INFO - performing random action
2025-03-26 12:34:16,804 - INFO - Loaded 38 subforum URLs from Sub-Forum-List.txt
2025-03-26 12:34:16,805 - DEBUG - Scrolling page 4 times.
2025-03-26 12:34:16,805 - DEBUG - Scrolling page by 500 pixels.
2025-03-26 12:34:16,807 - WARNING - Scrolling failed: Message: invalid session id
Stacktrace:
	GetHandleVerifier [0x00007FF6A4410C45+27221]
	(No symbol) [0x00007FF6A4376F30]
	(No symbol) [0x00007FF6A41F590C]
	(No symbol) [0x00007FF6A423F95F]
	(No symbol) [0x00007FF6A4277B62]
	(No symbol) [0x00007FF6A42724BE]
	(No symbol) [0x00007FF6A4271569]
	(No symbol) [0x00007FF6A41C55E5]
	GetHandleVerifier [0x00007FF6A4776E2D+3591229]
	GetHandleVerifier [0x00007FF6A478E45A+3687018]
	GetHandleVerifier [0x00007FF6A4783323+3641651]
	GetHandleVerifier [0x00007FF6A44DB6BA+857290]
	(No symbol) [0x00007FF6A438230F]
	(No symbol) [0x00007FF6A41C41FF]
	GetHandleVerifier [0x00007FF6A4804A48+4171864]
	BaseThreadInitThunk [0x00007FFA52B87374+20]
	RtlUserThreadStart [0x00007FFA535DCC91+33]

2025-03-26 12:34:18,074 - DEBUG - Page scrolled.
2025-03-26 12:34:20,076 - DEBUG - Scrolling page by 500 pixels.
2025-03-26 12:34:20,079 - WARNING - Scrolling failed: Message: invalid session id
Stacktrace:
	GetHandleVerifier [0x00007FF6A4410C45+27221]
	(No symbol) [0x00007FF6A4376F30]
	(No symbol) [0x00007FF6A41F590C]
	(No symbol) [0x00007FF6A423F95F]
	(No symbol) [0x00007FF6A4277B62]
	(No symbol) [0x00007FF6A42724BE]
	(No symbol) [0x00007FF6A4271569]
	(No symbol) [0x00007FF6A41C55E5]
	GetHandleVerifier [0x00007FF6A4776E2D+3591229]
	GetHandleVerifier [0x00007FF6A478E45A+3687018]
	GetHandleVerifier [0x00007FF6A4783323+3641651]
	GetHandleVerifier [0x00007FF6A44DB6BA+857290]
	(No symbol) [0x00007FF6A438230F]
	(No symbol) [0x00007FF6A41C41FF]
	GetHandleVerifier [0x00007FF6A4804A48+4171864]
	BaseThreadInitThunk [0x00007FFA52B87374+20]
	RtlUserThreadStart [0x00007FFA535DCC91+33]

2025-03-26 12:34:21,328 - DEBUG - Page scrolled.
2025-03-26 12:34:23,329 - DEBUG - Scrolling page by 500 pixels.
2025-03-26 12:34:23,333 - WARNING - Scrolling failed: Message: invalid session id
Stacktrace:
	GetHandleVerifier [0x00007FF6A4410C45+27221]
	(No symbol) [0x00007FF6A4376F30]
	(No symbol) [0x00007FF6A41F590C]
	(No symbol) [0x00007FF6A423F95F]
	(No symbol) [0x00007FF6A4277B62]
	(No symbol) [0x00007FF6A42724BE]
	(No symbol) [0x00007FF6A4271569]
	(No symbol) [0x00007FF6A41C55E5]
	GetHandleVerifier [0x00007FF6A4776E2D+3591229]
	GetHandleVerifier [0x00007FF6A478E45A+3687018]
	GetHandleVerifier [0x00007FF6A4783323+3641651]
	GetHandleVerifier [0x00007FF6A44DB6BA+857290]
	(No symbol) [0x00007FF6A438230F]
	(No symbol) [0x00007FF6A41C41FF]
	GetHandleVerifier [0x00007FF6A4804A48+4171864]
	BaseThreadInitThunk [0x00007FFA52B87374+20]
	RtlUserThreadStart [0x00007FFA535DCC91+33]

2025-03-26 12:34:25,328 - DEBUG - Page scrolled.
2025-03-26 12:34:27,330 - DEBUG - Scrolling page by 500 pixels.
2025-03-26 12:34:27,336 - WARNING - Scrolling failed: Message: invalid session id
Stacktrace:
	GetHandleVerifier [0x00007FF6A4410C45+27221]
	(No symbol) [0x00007FF6A4376F30]
	(No symbol) [0x00007FF6A41F590C]
	(No symbol) [0x00007FF6A423F95F]
	(No symbol) [0x00007FF6A4277B62]
	(No symbol) [0x00007FF6A42724BE]
	(No symbol) [0x00007FF6A4271569]
	(No symbol) [0x00007FF6A41C55E5]
	GetHandleVerifier [0x00007FF6A4776E2D+3591229]
	GetHandleVerifier [0x00007FF6A478E45A+3687018]
	GetHandleVerifier [0x00007FF6A4783323+3641651]
	GetHandleVerifier [0x00007FF6A44DB6BA+857290]
	(No symbol) [0x00007FF6A438230F]
	(No symbol) [0x00007FF6A41C41FF]
	GetHandleVerifier [0x00007FF6A4804A48+4171864]
	BaseThreadInitThunk [0x00007FFA52B87374+20]
	RtlUserThreadStart [0x00007FFA535DCC91+33]

2025-03-26 12:34:29,045 - DEBUG - Page scrolled.
2025-03-26 12:34:31,047 - DEBUG - Random scrolls complete.
2025-03-26 12:34:31,049 - DEBUG - Scrolling page 5 times.
2025-03-26 12:34:31,051 - DEBUG - Scrolling page by 500 pixels.
2025-03-26 12:34:31,055 - WARNING - Scrolling failed: Message: invalid session id
Stacktrace:
	GetHandleVerifier [0x00007FF6A4410C45+27221]
	(No symbol) [0x00007FF6A4376F30]
	(No symbol) [0x00007FF6A41F590C]
	(No symbol) [0x00007FF6A423F95F]
	(No symbol) [0x00007FF6A4277B62]
	(No symbol) [0x00007FF6A42724BE]
	(No symbol) [0x00007FF6A4271569]
	(No symbol) [0x00007FF6A41C55E5]
	GetHandleVerifier [0x00007FF6A4776E2D+3591229]
	GetHandleVerifier [0x00007FF6A478E45A+3687018]
	GetHandleVerifier [0x00007FF6A4783323+3641651]
	GetHandleVerifier [0x00007FF6A44DB6BA+857290]
	(No symbol) [0x00007FF6A438230F]
	(No symbol) [0x00007FF6A41C41FF]
	GetHandleVerifier [0x00007FF6A4804A48+4171864]
	BaseThreadInitThunk [0x00007FFA52B87374+20]
	RtlUserThreadStart [0x00007FFA535DCC91+33]

2025-03-26 12:34:32,542 - DEBUG - Page scrolled.
2025-03-26 12:34:34,545 - DEBUG - Scrolling page by 500 pixels.
2025-03-26 12:34:34,548 - WARNING - Scrolling failed: Message: invalid session id
Stacktrace:
	GetHandleVerifier [0x00007FF6A4410C45+27221]
	(No symbol) [0x00007FF6A4376F30]
	(No symbol) [0x00007FF6A41F590C]
	(No symbol) [0x00007FF6A423F95F]
	(No symbol) [0x00007FF6A4277B62]
	(No symbol) [0x00007FF6A42724BE]
	(No symbol) [0x00007FF6A4271569]
	(No symbol) [0x00007FF6A41C55E5]
	GetHandleVerifier [0x00007FF6A4776E2D+3591229]
	GetHandleVerifier [0x00007FF6A478E45A+3687018]
	GetHandleVerifier [0x00007FF6A4783323+3641651]
	GetHandleVerifier [0x00007FF6A44DB6BA+857290]
	(No symbol) [0x00007FF6A438230F]
	(No symbol) [0x00007FF6A41C41FF]
	GetHandleVerifier [0x00007FF6A4804A48+4171864]
	BaseThreadInitThunk [0x00007FFA52B87374+20]
	RtlUserThreadStart [0x00007FFA535DCC91+33]

2025-03-26 12:34:35,763 - DEBUG - Page scrolled.
2025-03-26 12:34:37,765 - DEBUG - Scrolling page by 500 pixels.
2025-03-26 12:34:37,767 - WARNING - Scrolling failed: Message: invalid session id
Stacktrace:
	GetHandleVerifier [0x00007FF6A4410C45+27221]
	(No symbol) [0x00007FF6A4376F30]
	(No symbol) [0x00007FF6A41F590C]
	(No symbol) [0x00007FF6A423F95F]
	(No symbol) [0x00007FF6A4277B62]
	(No symbol) [0x00007FF6A42724BE]
	(No symbol) [0x00007FF6A4271569]
	(No symbol) [0x00007FF6A41C55E5]
	GetHandleVerifier [0x00007FF6A4776E2D+3591229]
	GetHandleVerifier [0x00007FF6A478E45A+3687018]
	GetHandleVerifier [0x00007FF6A4783323+3641651]
	GetHandleVerifier [0x00007FF6A44DB6BA+857290]
	(No symbol) [0x00007FF6A438230F]
	(No symbol) [0x00007FF6A41C41FF]
	GetHandleVerifier [0x00007FF6A4804A48+4171864]
	BaseThreadInitThunk [0x00007FFA52B87374+20]
	RtlUserThreadStart [0x00007FFA535DCC91+33]

2025-03-26 12:34:38,962 - DEBUG - Page scrolled.
2025-03-26 12:34:40,964 - DEBUG - Scrolling page by 500 pixels.
2025-03-26 12:34:40,969 - WARNING - Scrolling failed: Message: invalid session id
Stacktrace:
	GetHandleVerifier [0x00007FF6A4410C45+27221]
	(No symbol) [0x00007FF6A4376F30]
	(No symbol) [0x00007FF6A41F590C]
	(No symbol) [0x00007FF6A423F95F]
	(No symbol) [0x00007FF6A4277B62]
	(No symbol) [0x00007FF6A42724BE]
	(No symbol) [0x00007FF6A4271569]
	(No symbol) [0x00007FF6A41C55E5]
	GetHandleVerifier [0x00007FF6A4776E2D+3591229]
	GetHandleVerifier [0x00007FF6A478E45A+3687018]
	GetHandleVerifier [0x00007FF6A4783323+3641651]
	GetHandleVerifier [0x00007FF6A44DB6BA+857290]
	(No symbol) [0x00007FF6A438230F]
	(No symbol) [0x00007FF6A41C41FF]
	GetHandleVerifier [0x00007FF6A4804A48+4171864]
	BaseThreadInitThunk [0x00007FFA52B87374+20]
	RtlUserThreadStart [0x00007FFA535DCC91+33]

2025-03-26 12:34:42,542 - DEBUG - Page scrolled.
2025-03-26 12:34:44,547 - DEBUG - Scrolling page by 500 pixels.
2025-03-26 12:34:44,549 - WARNING - Scrolling failed: Message: invalid session id
Stacktrace:
	GetHandleVerifier [0x00007FF6A4410C45+27221]
	(No symbol) [0x00007FF6A4376F30]
	(No symbol) [0x00007FF6A41F590C]
	(No symbol) [0x00007FF6A423F95F]
	(No symbol) [0x00007FF6A4277B62]
	(No symbol) [0x00007FF6A42724BE]
	(No symbol) [0x00007FF6A4271569]
	(No symbol) [0x00007FF6A41C55E5]
	GetHandleVerifier [0x00007FF6A4776E2D+3591229]
	GetHandleVerifier [0x00007FF6A478E45A+3687018]
	GetHandleVerifier [0x00007FF6A4783323+3641651]
	GetHandleVerifier [0x00007FF6A44DB6BA+857290]
	(No symbol) [0x00007FF6A438230F]
	(No symbol) [0x00007FF6A41C41FF]
	GetHandleVerifier [0x00007FF6A4804A48+4171864]
	BaseThreadInitThunk [0x00007FFA52B87374+20]
	RtlUserThreadStart [0x00007FFA535DCC91+33]

2025-03-26 12:34:45,561 - DEBUG - Page scrolled.
2025-03-26 12:34:47,563 - DEBUG - Random scrolls complete.
2025-03-26 12:34:47,568 - ERROR - Error finding random thread link in subforum: Message: invalid session id
Stacktrace:
	GetHandleVerifier [0x00007FF6A4410C45+27221]
	(No symbol) [0x00007FF6A4376F30]
	(No symbol) [0x00007FF6A41F590C]
	(No symbol) [0x00007FF6A423F95F]
	(No symbol) [0x00007FF6A4277B62]
	(No symbol) [0x00007FF6A42724BE]
	(No symbol) [0x00007FF6A4271569]
	(No symbol) [0x00007FF6A41C55E5]
	GetHandleVerifier [0x00007FF6A4776E2D+3591229]
	GetHandleVerifier [0x00007FF6A478E45A+3687018]
	GetHandleVerifier [0x00007FF6A4783323+3641651]
	GetHandleVerifier [0x00007FF6A44DB6BA+857290]
	(No symbol) [0x00007FF6A438230F]
	(No symbol) [0x00007FF6A41C41FF]
	GetHandleVerifier [0x00007FF6A4804A48+4171864]
	BaseThreadInitThunk [0x00007FFA52B87374+20]
	RtlUserThreadStart [0x00007FFA535DCC91+33]
Traceback (most recent call last):
  File "F:\Forum-Automation-Tool\blackhatworld_functions.py", line 565, in find_random_thread_link_from_subforum
    driver.get(subforum_url)
    ~~~~~~~~~~^^^^^^^^^^^^^^
  File "C:\Users\DELL\AppData\Local\Programs\Python\Python313\Lib\site-packages\selenium\webdriver\remote\webdriver.py", line 454, in get
    self.execute(Command.GET, {"url": url})
    ~~~~~~~~~~~~^^^^^^^^^^^^^^^^^^^^^^^^^^^
  File "C:\Users\DELL\AppData\Local\Programs\Python\Python313\Lib\site-packages\selenium\webdriver\remote\webdriver.py", line 429, in execute
    self.error_handler.check_response(response)
    ~~~~~~~~~~~~~~~~~~~~~~~~~~~~~~~~~^^^^^^^^^^
  File "C:\Users\DELL\AppData\Local\Programs\Python\Python313\Lib\site-packages\selenium\webdriver\remote\errorhandler.py", line 232, in check_response
    raise exception_class(message, screen, stacktrace)
selenium.common.exceptions.InvalidSessionIdException: Message: invalid session id
Stacktrace:
	GetHandleVerifier [0x00007FF6A4410C45+27221]
	(No symbol) [0x00007FF6A4376F30]
	(No symbol) [0x00007FF6A41F590C]
	(No symbol) [0x00007FF6A423F95F]
	(No symbol) [0x00007FF6A4277B62]
	(No symbol) [0x00007FF6A42724BE]
	(No symbol) [0x00007FF6A4271569]
	(No symbol) [0x00007FF6A41C55E5]
	GetHandleVerifier [0x00007FF6A4776E2D+3591229]
	GetHandleVerifier [0x00007FF6A478E45A+3687018]
	GetHandleVerifier [0x00007FF6A4783323+3641651]
	GetHandleVerifier [0x00007FF6A44DB6BA+857290]
	(No symbol) [0x00007FF6A438230F]
	(No symbol) [0x00007FF6A41C41FF]
	GetHandleVerifier [0x00007FF6A4804A48+4171864]
	BaseThreadInitThunk [0x00007FFA52B87374+20]
	RtlUserThreadStart [0x00007FFA535DCC91+33]

2025-03-26 12:34:47,606 - INFO - Profile ZeroDayHunter: Restoring window...
2025-03-26 12:34:49,613 - INFO - performing random action
2025-03-26 12:34:49,615 - WARNING - Skipping thread processing due to no thread link being found in subforum.
